<?xml version="1.0" encoding="UTF-8"?>
<!-- Generated by org.testng.reporters.JUnitReportReporter -->
<testsuite hostname="LAPTOP-DJARKLO9" failures="0" tests="1" name="com.comcast.crm.orgtest.CreateOrgTest" time="20.067" errors="0" timestamp="2024-09-05T11:11:39 IST" skipped="0">
  <testcase classname="com.comcast.crm.orgtest.CreateOrgTest" name="createOrgWithOrgName" time="20.067"/>
  <system-out/>
</testsuite> <!-- com.comcast.crm.orgtest.CreateOrgTest -->
